<?xml version="1.0" encoding="UTF-8"?>
<!-- Generated by org.testng.reporters.JUnitReportReporter -->
<testsuite name="com.appium.sample.testDemo" tests="2" time="0.007" ignored="0" failures="0" timestamp="28 Feb 2017 12:08:50 GMT" skipped="0" hostname="VBHATT-E7450" errors="0">
  <testcase name="Test1" time="0.006" classname="com.appium.sample.testDemo"/>
  <testcase name="Test2" time="0.001" classname="com.appium.sample.testDemo"/>
</testsuite> <!-- com.appium.sample.testDemo -->
