<?xml version="1.0" encoding="UTF-8"?>
<!-- Generated by org.testng.reporters.JUnitReportReporter -->
<testsuite name="com.appium.sample.TroubleShootingTest" tests="3" time="79.784" ignored="0" failures="0" timestamp="10 Mar 2017 15:32:30 GMT" skipped="0" hostname="VBHATT-E7450" errors="0">
  <testcase name="test1" time="4.590" classname="com.appium.sample.TroubleShootingTest"/>
  <testcase name="test3" time="38.275" classname="com.appium.sample.TroubleShootingTest"/>
  <testcase name="test2" time="36.919" classname="com.appium.sample.TroubleShootingTest"/>
</testsuite> <!-- com.appium.sample.TroubleShootingTest -->
